<?xml version="1.0" encoding="UTF-8"?>
<!-- Generated by org.testng.reporters.JUnitXMLReporter -->
<testsuite ignored="0" hostname="LTIN199965" failures="0" tests="11" name="chromeTest" time="185.829" errors="0" timestamp="2024-02-19T10:31:38 IST">
  <testcase classname="testCases.TC_001_SearchingDentists" name="searchingDentists" time="6.202"/>
  <testcase classname="testCases.TC_001_SearchingDentists" name="gettingDentists" time="32.388"/>
  <testcase classname="testCases.TC_002_Surgeries" name="topSurgeries" time="17.096"/>
  <testcase classname="testCases.TC_002_Surgeries" name="generalSurgeries" time="3.803"/>
  <testcase classname="testCases.TC_002_Surgeries" name="orthopedicSurgeries" time="2.705"/>
  <testcase classname="testCases.TC_002_Surgeries" name="practologySurgeries" time="2.802"/>
  <testcase classname="testCases.TC_002_Surgeries" name="ophtomologySurgeries" time="2.463"/>
  <testcase classname="testCases.TC_002_Surgeries" name="urologySurgeries" time="2.014"/>
  <testcase classname="testCases.TC_002_Surgeries" name="cosmeticSurgeries" time="1.057"/>
  <testcase classname="testCases.TC_003_CorporateWellness_InvalidDetails" name="checkingInvalidDetails" time="14.897"/>
  <testcase classname="testCases.TC_003_CorporateWellness_ValidDetails" name="openingCorporateWellness" time="20.945"/>
</testsuite> <!-- chromeTest -->
